{"name": "test_get_order", "status": "failed", "statusDetails": {"message": "AssertionError: Wrong status code\nassert 404 == 200\n +  where 404 = <Response [404]>.status_code", "trace": "test_orders.py:30: in test_get_order\n    assert response.status_code == 200, \"Wrong status code\"\nE   AssertionError: Wrong status code\nE   assert 404 == 200\nE    +  where 404 = <Response [404]>.status_code\n        create_order = {'id': 3, 'quantity': 13.0, 'status': 'pending', 'stocks': 'EURUSD'}\n        http_client = <src.http_client.HttpClient object at 0x1070a0150>\n        order      = {'id': 3, 'quantity': 13.0, 'status': 'pending', 'stocks': 'EURUSD'}\n        response   = <Response [404]>\n        self       = <test_orders.TestOrders object at 0x1070a25d0>"}, "steps": [{"name": "Send request HttpMethods.GET on http://127.0.0.1:8000/orders3", "status": "passed", "start": 1716288728841, "stop": 1716288728845}], "attachments": [{"name": "log", "source": "9bfcda88-62ee-4bb1-8738-3c7a954c4b05-attachment.txt", "type": "text/plain"}], "start": 1716288728841, "stop": 1716288728845, "uuid": "5e24157b-c512-495e-988d-5cd568a8f8cf", "historyId": "db8b48ebd43f4ac35f76a27af3d2a06b", "testCaseId": "db8b48ebd43f4ac35f76a27af3d2a06b", "fullName": "tests.test_orders.TestOrders#test_get_order", "labels": [{"name": "suite", "value": "GET"}, {"name": "parentSuite", "value": "tests"}, {"name": "subSuite", "value": "TestOrders"}, {"name": "host", "value": "MacBook-Pro-NikMac.local"}, {"name": "thread", "value": "4375-MainThread"}, {"name": "framework", "value": "pytest"}, {"name": "language", "value": "cpython3"}, {"name": "package", "value": "tests.test_orders"}]}