{"name": "test_delete_order_invalid_data[]", "status": "failed", "statusDetails": {"message": "AssertionError: Wrong status code\nassert 405 == 404\n +  where 405 = <Response [405]>.status_code", "trace": "test_orders.py:75: in test_delete_order_invalid_data\n    assert response.status_code == 404, \"Wrong status code\"\nE   AssertionError: Wrong status code\nE   assert 405 == 404\nE    +  where 405 = <Response [405]>.status_code\n        http_client = <src.http_client.HttpClient object at 0x106d31b50>\n        response   = <Response [405]>\n        self       = <test_orders.TestOrders object at 0x106d33810>\n        wrong_data = ''"}, "steps": [{"name": "Send request HttpMethods.DELETE on http://127.0.0.1:8000/orders/", "status": "passed", "start": 1716289419275, "stop": 1716289419290}], "attachments": [{"name": "log", "source": "4c9b7313-dc70-4f12-8548-e9b1b0882e7d-attachment.txt", "type": "text/plain"}], "parameters": [{"name": "wrong_data", "value": "''"}], "start": 1716289419274, "stop": 1716289419291, "uuid": "6b690957-ffdc-4cca-aa02-99bc46dc4452", "historyId": "f270f2e4f4becb4eb5790d1adc14b917", "testCaseId": "f270f2e4f4becb4eb5790d1adc14b917", "fullName": "tests.test_orders.TestOrders#test_delete_order_invalid_data", "labels": [{"name": "suite", "value": "DELETE"}, {"name": "parentSuite", "value": "tests"}, {"name": "subSuite", "value": "TestOrders"}, {"name": "host", "value": "MacBook-Pro-NikMac.local"}, {"name": "thread", "value": "4781-MainThread"}, {"name": "framework", "value": "pytest"}, {"name": "language", "value": "cpython3"}, {"name": "package", "value": "tests.test_orders"}]}